<?xml version="1.0" encoding="UTF-8"?>
<testsuite xmlns:xsi="http://www.w3.org/2001/XMLSchema-instance" xsi:noNamespaceSchemaLocation="https://maven.apache.org/surefire/maven-surefire-plugin/xsd/surefire-test-report.xsd" name="br.ufsc.atividade10.BufferTest" time="1.872" tests="6" errors="0" skipped="0" failures="0">
  <properties>
    <property name="sun.desktop" value="gnome"/>
    <property name="awt.toolkit" value="sun.awt.X11.XToolkit"/>
    <property name="java.specification.version" value="12"/>
    <property name="sun.jnu.encoding" value="UTF-8"/>
    <property name="java.class.path" value="/home/allu/concurrent_programming-INE5410/atividade_10/target/test-classes:/home/allu/concurrent_programming-INE5410/atividade_10/target/classes:/home/allu/.m2/repository/com/google/code/findbugs/jsr305/3.0.2/jsr305-3.0.2.jar:/home/allu/.m2/repository/org/apache/commons/commons-lang3/3.8/commons-lang3-3.8.jar:/home/allu/.m2/repository/junit/junit/4.11/junit-4.11.jar:/home/allu/.m2/repository/org/hamcrest/hamcrest-core/1.3/hamcrest-core-1.3.jar:"/>
    <property name="java.vm.vendor" value="Oracle Corporation"/>
    <property name="sun.arch.data.model" value="64"/>
    <property name="java.vendor.url" value="https://java.oracle.com/"/>
    <property name="os.name" value="Linux"/>
    <property name="java.vm.specification.version" value="12"/>
    <property name="sun.java.launcher" value="SUN_STANDARD"/>
    <property name="user.country" value="BR"/>
    <property name="sun.boot.library.path" value="/usr/lib/jvm/java-12-oracle/lib"/>
    <property name="sun.java.command" value="/home/allu/concurrent_programming-INE5410/atividade_10/target/surefire/surefirebooter7316527043865656434.jar /home/allu/concurrent_programming-INE5410/atividade_10/target/surefire 2019-06-09T15-24-34_385-jvmRun1 surefire4528438560296173817tmp surefire_015698278093207386088tmp"/>
    <property name="jdk.debug" value="release"/>
    <property name="surefire.test.class.path" value="/home/allu/concurrent_programming-INE5410/atividade_10/target/test-classes:/home/allu/concurrent_programming-INE5410/atividade_10/target/classes:/home/allu/.m2/repository/com/google/code/findbugs/jsr305/3.0.2/jsr305-3.0.2.jar:/home/allu/.m2/repository/org/apache/commons/commons-lang3/3.8/commons-lang3-3.8.jar:/home/allu/.m2/repository/junit/junit/4.11/junit-4.11.jar:/home/allu/.m2/repository/org/hamcrest/hamcrest-core/1.3/hamcrest-core-1.3.jar:"/>
    <property name="sun.cpu.endian" value="little"/>
    <property name="user.home" value="/home/allu"/>
    <property name="user.language" value="pt"/>
    <property name="java.specification.vendor" value="Oracle Corporation"/>
    <property name="java.version.date" value="2019-04-16"/>
    <property name="java.home" value="/usr/lib/jvm/java-12-oracle"/>
    <property name="file.separator" value="/"/>
    <property name="basedir" value="/home/allu/concurrent_programming-INE5410/atividade_10"/>
    <property name="java.vm.compressedOopsMode" value="32-bit"/>
    <property name="line.separator" value="&#10;"/>
    <property name="java.specification.name" value="Java Platform API Specification"/>
    <property name="java.vm.specification.vendor" value="Oracle Corporation"/>
    <property name="java.awt.graphicsenv" value="sun.awt.X11GraphicsEnvironment"/>
    <property name="surefire.real.class.path" value="/home/allu/concurrent_programming-INE5410/atividade_10/target/surefire/surefirebooter7316527043865656434.jar"/>
    <property name="sun.management.compiler" value="HotSpot 64-Bit Tiered Compilers"/>
    <property name="java.runtime.version" value="12.0.1+12"/>
    <property name="user.name" value="allu"/>
    <property name="path.separator" value=":"/>
    <property name="os.version" value="4.15.0-48-generic"/>
    <property name="java.runtime.name" value="Java(TM) SE Runtime Environment"/>
    <property name="file.encoding" value="UTF-8"/>
    <property name="java.vm.name" value="Java HotSpot(TM) 64-Bit Server VM"/>
    <property name="localRepository" value="/home/allu/.m2/repository"/>
    <property name="java.vendor.url.bug" value="https://bugreport.java.com/bugreport/"/>
    <property name="java.io.tmpdir" value="/tmp"/>
    <property name="java.version" value="12.0.1"/>
    <property name="user.dir" value="/home/allu/concurrent_programming-INE5410/atividade_10"/>
    <property name="os.arch" value="amd64"/>
    <property name="java.vm.specification.name" value="Java Virtual Machine Specification"/>
    <property name="java.library.path" value="/usr/java/packages/lib:/usr/lib64:/lib64:/lib:/usr/lib"/>
    <property name="java.vm.info" value="mixed mode, sharing"/>
    <property name="java.vendor" value="Oracle Corporation"/>
    <property name="java.vm.version" value="12.0.1+12"/>
    <property name="sun.io.unicode.encoding" value="UnicodeLittle"/>
    <property name="java.class.version" value="56.0"/>
  </properties>
  <testcase name="testAddXBlocks" classname="br.ufsc.atividade10.BufferTest" time="0.414"/>
  <testcase name="testAddOBlocks" classname="br.ufsc.atividade10.BufferTest" time="0.403"/>
  <testcase name="testBlockOnEmpty" classname="br.ufsc.atividade10.BufferTest" time="0.202"/>
  <testcase name="testBlockWithPartial" classname="br.ufsc.atividade10.BufferTest" time="0.402"/>
  <testcase name="testAddBlocks" classname="br.ufsc.atividade10.BufferTest" time="0.201"/>
  <testcase name="testWellBehaved" classname="br.ufsc.atividade10.BufferTest" time="0.204"/>
</testsuite>